0 info it worked if it ends with ok
1 verbose cli [ 'C:\\Program Files\\nodejs\\node.exe',
1 verbose cli   'C:\\Program Files\\nodejs\\node_modules\\npm\\bin\\npm-cli.js',
1 verbose cli   'run',
1 verbose cli   'serve' ]
2 info using npm@3.10.10
3 info using node@v6.10.3
4 verbose run-script [ 'preserve', 'serve', 'postserve' ]
5 info lifecycle dashboard@1.0.0~preserve: dashboard@1.0.0
6 silly lifecycle dashboard@1.0.0~preserve: no script for preserve, continuing
7 info lifecycle dashboard@1.0.0~serve: dashboard@1.0.0
8 verbose lifecycle dashboard@1.0.0~serve: unsafe-perm in lifecycle true
9 verbose lifecycle dashboard@1.0.0~serve: PATH: C:\Program Files\nodejs\node_modules\npm\bin\node-gyp-bin;C:\CandidView\node_modules\.bin;C:\Program Files\nodejs\node_modules\npm\bin\node-gyp-bin;C:\CandidView\node_modules\.bin;C:\Users\Neeharika.R\AppData\Roaming\npm;C:\Program Files\nodejs\;C:\windows\system32;C:\windows;C:\windows\System32\Wbem;C:\windows\System32\WindowsPowerShell\v1.0\;C:\windows\System32\WindowsPowerShell\v1.0\;C:\Program Files\nodejs\;C:\Program Files\Microsoft SQL Server\130\Tools\Binn\;C:\Program Files\dotnet\;C:\Users\Neeharika.R\AppData\Local\Google\Chrome\Application;C:\windows\system32;C:\windows;C:\windows\System32\Wbem;C:\windows\System32\WindowsPowerShell\v1.0\;C:\windows\System32\WindowsPowerShell\v1.0\;C:\Users\Neeharika.R\AppData\Local\Programs\Git\cmd;C:\Users\Neeharika.R\AppData\Roaming\npm;C:\Program Files (x86)\Microsoft VS Code\bin
10 verbose lifecycle dashboard@1.0.0~serve: CWD: C:\CandidView
11 silly lifecycle dashboard@1.0.0~serve: Args: [ '/d /s /c', 'lite-server -c=bs-config.json' ]
12 silly lifecycle dashboard@1.0.0~serve: Returned: code: 3221225786  signal: null
13 info lifecycle dashboard@1.0.0~serve: Failed to exec serve script
14 verbose stack Error: dashboard@1.0.0 serve: `lite-server -c=bs-config.json`
14 verbose stack Exit status 3221225786
14 verbose stack     at EventEmitter.<anonymous> (C:\Program Files\nodejs\node_modules\npm\lib\utils\lifecycle.js:255:16)
14 verbose stack     at emitTwo (events.js:106:13)
14 verbose stack     at EventEmitter.emit (events.js:191:7)
14 verbose stack     at ChildProcess.<anonymous> (C:\Program Files\nodejs\node_modules\npm\lib\utils\spawn.js:40:14)
14 verbose stack     at emitTwo (events.js:106:13)
14 verbose stack     at ChildProcess.emit (events.js:191:7)
14 verbose stack     at maybeClose (internal/child_process.js:886:16)
14 verbose stack     at Process.ChildProcess._handle.onexit (internal/child_process.js:226:5)
15 verbose pkgid dashboard@1.0.0
16 verbose cwd C:\CandidView
17 error Windows_NT 6.1.7601
18 error argv "C:\\Program Files\\nodejs\\node.exe" "C:\\Program Files\\nodejs\\node_modules\\npm\\bin\\npm-cli.js" "run" "serve"
19 error node v6.10.3
20 error npm  v3.10.10
21 error code ELIFECYCLE
22 error dashboard@1.0.0 serve: `lite-server -c=bs-config.json`
22 error Exit status 3221225786
23 error Failed at the dashboard@1.0.0 serve script 'lite-server -c=bs-config.json'.
23 error Make sure you have the latest version of node.js and npm installed.
23 error If you do, this is most likely a problem with the dashboard package,
23 error not with npm itself.
23 error Tell the author that this fails on your system:
23 error     lite-server -c=bs-config.json
23 error You can get information on how to open an issue for this project with:
23 error     npm bugs dashboard
23 error Or if that isn't available, you can get their info via:
23 error     npm owner ls dashboard
23 error There is likely additional logging output above.
24 verbose exit [ 1, true ]
